2026-02-20 01:28:22 [INFO] <KERNEL> Starting acl2 kernel
2026-02-20 01:28:22 [INFO] <KERNEL> Parsing connection file /tmp/tmp3r9cgw1m.json
2026-02-20 01:28:22 [INFO] <MAC> Starting message authentification
2026-02-20 01:28:22 [INFO] <MAC> Using hmac with sha256 digest for message signing.
2026-02-20 01:28:22 [INFO] <HB-CHANNEL> Starting channel on tcp://127.0.0.1:48683
2026-02-20 01:28:22 [INFO] <IOPUB-CHANNEL> Starting channel on tcp://127.0.0.1:46385
2026-02-20 01:28:22 [INFO] <HB-CHANNEL> Starting thread
2026-02-20 01:28:22 [INFO] <SHELL-CHANNEL> Starting channel on tcp://127.0.0.1:37835
2026-02-20 01:28:22 [INFO] <STDIN-CHANNEL> Starting channel on tcp://127.0.0.1:57299
2026-02-20 01:28:22 [INFO] <CONTROL-CHANNEL> Starting channel on tcp://127.0.0.1:50705
2026-02-20 01:28:22 [INFO] <HISTORY> Starting history
2026-02-20 01:28:22 [INFO] <KERNEL> Handling kernel_info_request message
2026-02-20 01:28:22 [INFO] <KERNEL> Handling execute_request message
2026-02-20 01:28:22 [INFO] <KERNEL> Handling execute_request message
2026-02-20 01:28:22 [INFO] <KERNEL> Handling execute_request message
2026-02-20 01:28:22 [INFO] <KERNEL> Handling interrupt_request message
2026-02-20 01:28:23 [INFO] <KERNEL> Handling shutdown_request message
2026-02-20 01:28:23 [INFO] <KERNEL> Shell thread exiting normally.
2026-02-20 01:28:23 [INFO] <KERNEL> Stopping acl2 kernel
2026-02-20 01:28:23 [INFO] <HB-CHANNEL> Stopping thread
2026-02-20 01:28:23 [INFO] <HB-CHANNEL> Stopping channel
2026-02-20 01:28:23 [INFO] <IOPUB-CHANNEL> Stopping channel
2026-02-20 01:28:23 [INFO] <SHELL-CHANNEL> Stopping channel
2026-02-20 01:28:23 [INFO] <STDIN-CHANNEL> Stopping channel
2026-02-20 01:28:23 [INFO] <CONTROL-CHANNEL> Stopping channel
2026-02-20 01:28:23 [INFO] <MAC> Stopping message authentification
2026-02-20 01:28:23 [INFO] <HISTORY> Stopping history
