2026-02-25 23:28:51 [INFO] <KERNEL> Starting acl2 kernel
2026-02-25 23:28:51 [INFO] <KERNEL> Parsing connection file /tmp/tmp40oh79y3.json
2026-02-25 23:28:51 [INFO] <MAC> Starting message authentification
2026-02-25 23:28:51 [INFO] <MAC> Using hmac with sha256 digest for message signing.
2026-02-25 23:28:51 [INFO] <HB-CHANNEL> Starting channel on tcp://127.0.0.1:47825
2026-02-25 23:28:51 [INFO] <IOPUB-CHANNEL> Starting channel on tcp://127.0.0.1:56587
2026-02-25 23:28:51 [INFO] <HB-CHANNEL> Starting thread
2026-02-25 23:28:51 [INFO] <SHELL-CHANNEL> Starting channel on tcp://127.0.0.1:35057
2026-02-25 23:28:51 [INFO] <STDIN-CHANNEL> Starting channel on tcp://127.0.0.1:49813
2026-02-25 23:28:51 [INFO] <CONTROL-CHANNEL> Starting channel on tcp://127.0.0.1:39607
2026-02-25 23:28:51 [INFO] <HISTORY> Starting history
2026-02-25 23:28:51 [INFO] <KERNEL> Handling kernel_info_request message
2026-02-25 23:28:51 [INFO] <KERNEL> Handling kernel_info_request message
2026-02-25 23:28:51 [INFO] <KERNEL> Handling execute_request message
2026-02-25 23:28:51 [INFO] <KERNEL> Handling execute_request message
2026-02-25 23:28:51 [INFO] <KERNEL> Handling execute_request message
2026-02-25 23:28:51 [INFO] <KERNEL> Handling execute_request message
2026-02-25 23:28:51 [INFO] <KERNEL> Handling execute_request message
2026-02-25 23:28:51 [INFO] <KERNEL> Handling execute_request message
2026-02-25 23:28:52 [INFO] <KERNEL> Handling execute_request message
2026-02-25 23:28:53 [INFO] <KERNEL> Handling execute_request message
2026-02-25 23:28:53 [INFO] <KERNEL> Handling execute_request message
2026-02-25 23:28:53 [INFO] <KERNEL> Handling execute_request message
2026-02-25 23:28:53 [INFO] <KERNEL> Handling execute_request message
2026-02-25 23:28:53 [INFO] <KERNEL> Handling execute_request message
2026-02-25 23:28:53 [INFO] <KERNEL> Handling execute_request message
2026-02-25 23:28:54 [INFO] <KERNEL> Handling execute_request message
