2026-02-25 22:55:31 [INFO] <KERNEL> Starting acl2 kernel
2026-02-25 22:55:31 [INFO] <KERNEL> Parsing connection file /tmp/tmp4wpedvsh.json
2026-02-25 22:55:31 [INFO] <MAC> Starting message authentification
2026-02-25 22:55:31 [INFO] <MAC> Using hmac with sha256 digest for message signing.
2026-02-25 22:55:31 [INFO] <HB-CHANNEL> Starting channel on tcp://127.0.0.1:56141
2026-02-25 22:55:31 [INFO] <IOPUB-CHANNEL> Starting channel on tcp://127.0.0.1:57497
2026-02-25 22:55:31 [INFO] <HB-CHANNEL> Starting thread
2026-02-25 22:55:31 [INFO] <SHELL-CHANNEL> Starting channel on tcp://127.0.0.1:54241
2026-02-25 22:55:31 [INFO] <STDIN-CHANNEL> Starting channel on tcp://127.0.0.1:38591
2026-02-25 22:55:31 [INFO] <CONTROL-CHANNEL> Starting channel on tcp://127.0.0.1:50795
2026-02-25 22:55:31 [INFO] <HISTORY> Starting history
2026-02-25 22:55:31 [INFO] <KERNEL> Handling kernel_info_request message
2026-02-25 22:55:31 [INFO] <KERNEL> Handling execute_request message
2026-02-25 22:55:31 [INFO] <KERNEL> Handling execute_request message
2026-02-25 22:55:31 [INFO] <KERNEL> Handling execute_request message
2026-02-25 22:55:31 [INFO] <KERNEL> Handling execute_request message
2026-02-25 22:55:31 [INFO] <KERNEL> Handling execute_request message
2026-02-25 22:55:31 [INFO] <KERNEL> Handling execute_request message
2026-02-25 22:55:31 [INFO] <KERNEL> Handling execute_request message
2026-02-25 22:55:31 [INFO] <KERNEL> Handling execute_request message
2026-02-25 22:55:31 [INFO] <KERNEL> Handling execute_request message
2026-02-25 22:55:31 [INFO] <KERNEL> Handling execute_request message
2026-02-25 22:55:31 [INFO] <KERNEL> Handling execute_request message
2026-02-25 22:55:31 [INFO] <KERNEL> Handling execute_request message
2026-02-25 22:55:31 [INFO] <KERNEL> Handling execute_request message
2026-02-25 22:55:31 [INFO] <KERNEL> Handling execute_request message
