2026-02-25 23:28:42 [INFO] <KERNEL> Starting acl2 kernel
2026-02-25 23:28:42 [INFO] <KERNEL> Parsing connection file /tmp/tmp8bsq8e5n.json
2026-02-25 23:28:42 [INFO] <MAC> Starting message authentification
2026-02-25 23:28:42 [INFO] <MAC> Using hmac with sha256 digest for message signing.
2026-02-25 23:28:42 [INFO] <HB-CHANNEL> Starting channel on tcp://127.0.0.1:52731
2026-02-25 23:28:42 [INFO] <IOPUB-CHANNEL> Starting channel on tcp://127.0.0.1:51073
2026-02-25 23:28:42 [INFO] <HB-CHANNEL> Starting thread
2026-02-25 23:28:42 [INFO] <SHELL-CHANNEL> Starting channel on tcp://127.0.0.1:39163
2026-02-25 23:28:42 [INFO] <STDIN-CHANNEL> Starting channel on tcp://127.0.0.1:56353
2026-02-25 23:28:42 [INFO] <CONTROL-CHANNEL> Starting channel on tcp://127.0.0.1:38575
2026-02-25 23:28:42 [INFO] <HISTORY> Starting history
2026-02-25 23:28:42 [INFO] <KERNEL> Handling kernel_info_request message
2026-02-25 23:28:42 [INFO] <KERNEL> Handling kernel_info_request message
2026-02-25 23:28:43 [INFO] <KERNEL> Handling execute_request message
2026-02-25 23:28:43 [INFO] <KERNEL> Handling execute_request message
2026-02-25 23:28:43 [INFO] <KERNEL> Handling execute_request message
2026-02-25 23:28:43 [INFO] <KERNEL> Handling execute_request message
2026-02-25 23:28:43 [INFO] <KERNEL> Handling execute_request message
2026-02-25 23:28:43 [INFO] <KERNEL> Handling execute_request message
2026-02-25 23:28:43 [INFO] <KERNEL> Handling execute_request message
2026-02-25 23:28:43 [INFO] <KERNEL> Handling execute_request message
2026-02-25 23:28:43 [INFO] <KERNEL> Handling execute_request message
2026-02-25 23:28:43 [INFO] <KERNEL> Handling execute_request message
2026-02-25 23:28:43 [INFO] <KERNEL> Handling execute_request message
2026-02-25 23:28:43 [INFO] <KERNEL> Handling execute_request message
2026-02-25 23:28:43 [INFO] <KERNEL> Handling execute_request message
2026-02-25 23:28:43 [INFO] <KERNEL> Handling execute_request message
