2026-02-25 22:55:39 [INFO] <KERNEL> Starting acl2 kernel
2026-02-25 22:55:39 [INFO] <KERNEL> Parsing connection file /tmp/tmpipvypom_.json
2026-02-25 22:55:39 [INFO] <MAC> Starting message authentification
2026-02-25 22:55:39 [INFO] <MAC> Using hmac with sha256 digest for message signing.
2026-02-25 22:55:39 [INFO] <HB-CHANNEL> Starting channel on tcp://127.0.0.1:36861
2026-02-25 22:55:39 [INFO] <IOPUB-CHANNEL> Starting channel on tcp://127.0.0.1:48707
2026-02-25 22:55:39 [INFO] <HB-CHANNEL> Starting thread
2026-02-25 22:55:39 [INFO] <SHELL-CHANNEL> Starting channel on tcp://127.0.0.1:37867
2026-02-25 22:55:39 [INFO] <STDIN-CHANNEL> Starting channel on tcp://127.0.0.1:38065
2026-02-25 22:55:39 [INFO] <CONTROL-CHANNEL> Starting channel on tcp://127.0.0.1:32847
2026-02-25 22:55:39 [INFO] <HISTORY> Starting history
2026-02-25 22:55:39 [INFO] <KERNEL> Handling kernel_info_request message
2026-02-25 22:55:40 [INFO] <KERNEL> Handling execute_request message
2026-02-25 22:55:40 [INFO] <KERNEL> Handling execute_request message
2026-02-25 22:55:40 [INFO] <KERNEL> Handling execute_request message
2026-02-25 22:55:40 [INFO] <KERNEL> Handling execute_request message
2026-02-25 22:55:40 [INFO] <KERNEL> Handling execute_request message
2026-02-25 22:55:40 [INFO] <KERNEL> Handling execute_request message
2026-02-25 22:55:40 [INFO] <KERNEL> Handling execute_request message
2026-02-25 22:55:41 [INFO] <KERNEL> Handling execute_request message
2026-02-25 22:55:41 [INFO] <KERNEL> Handling execute_request message
2026-02-25 22:55:41 [INFO] <KERNEL> Handling execute_request message
2026-02-25 22:55:41 [INFO] <KERNEL> Handling execute_request message
2026-02-25 22:55:41 [INFO] <KERNEL> Handling execute_request message
2026-02-25 22:55:41 [INFO] <KERNEL> Handling execute_request message
2026-02-25 22:55:42 [INFO] <KERNEL> Handling execute_request message
