2026-02-25 08:10:12 [INFO] <KERNEL> Starting acl2 kernel
2026-02-25 08:10:12 [INFO] <KERNEL> Parsing connection file /tmp/tmpoifbdusu.json
2026-02-25 08:10:12 [INFO] <MAC> Starting message authentification
2026-02-25 08:10:12 [INFO] <MAC> Using hmac with sha256 digest for message signing.
2026-02-25 08:10:12 [INFO] <HB-CHANNEL> Starting channel on tcp://127.0.0.1:52875
2026-02-25 08:10:12 [INFO] <IOPUB-CHANNEL> Starting channel on tcp://127.0.0.1:32773
2026-02-25 08:10:12 [INFO] <HB-CHANNEL> Starting thread
2026-02-25 08:10:12 [INFO] <SHELL-CHANNEL> Starting channel on tcp://127.0.0.1:48649
2026-02-25 08:10:12 [INFO] <STDIN-CHANNEL> Starting channel on tcp://127.0.0.1:60795
2026-02-25 08:10:12 [INFO] <CONTROL-CHANNEL> Starting channel on tcp://127.0.0.1:57597
2026-02-25 08:10:12 [INFO] <HISTORY> Starting history
2026-02-25 08:10:12 [INFO] <KERNEL> Handling kernel_info_request message
2026-02-25 08:10:12 [INFO] <KERNEL> Handling kernel_info_request message
2026-02-25 08:10:12 [INFO] <KERNEL> Handling execute_request message
2026-02-25 08:10:12 [INFO] <KERNEL> Handling execute_request message
2026-02-25 08:10:12 [INFO] <KERNEL> Handling execute_request message
2026-02-25 08:10:12 [INFO] <KERNEL> Handling execute_request message
2026-02-25 08:10:12 [INFO] <KERNEL> Handling execute_request message
2026-02-25 08:10:12 [INFO] <KERNEL> Handling execute_request message
2026-02-25 08:10:12 [INFO] <KERNEL> Handling execute_request message
2026-02-25 08:10:12 [INFO] <KERNEL> Handling execute_request message
2026-02-25 08:10:12 [INFO] <KERNEL> Handling execute_request message
2026-02-25 08:10:12 [INFO] <KERNEL> Handling interrupt_request message
2026-02-25 08:10:13 [INFO] <KERNEL> Handling shutdown_request message
2026-02-25 08:10:13 [INFO] <KERNEL> Shell thread exiting normally.
2026-02-25 08:10:13 [INFO] <KERNEL> Stopping acl2 kernel
2026-02-25 08:10:13 [INFO] <HB-CHANNEL> Stopping thread
2026-02-25 08:10:13 [INFO] <HB-CHANNEL> Stopping channel
2026-02-25 08:10:13 [INFO] <IOPUB-CHANNEL> Stopping channel
2026-02-25 08:10:13 [INFO] <SHELL-CHANNEL> Stopping channel
2026-02-25 08:10:13 [INFO] <STDIN-CHANNEL> Stopping channel
2026-02-25 08:10:13 [INFO] <CONTROL-CHANNEL> Stopping channel
2026-02-25 08:10:13 [INFO] <MAC> Stopping message authentification
2026-02-25 08:10:13 [INFO] <HISTORY> Stopping history
