2026-02-20 01:34:36 [INFO] <KERNEL> Starting acl2 kernel
2026-02-20 01:34:36 [INFO] <KERNEL> Parsing connection file /tmp/tmppnkmokq4.json
2026-02-20 01:34:36 [INFO] <MAC> Starting message authentification
2026-02-20 01:34:36 [INFO] <MAC> Using hmac with sha256 digest for message signing.
2026-02-20 01:34:36 [INFO] <HB-CHANNEL> Starting channel on tcp://127.0.0.1:42277
2026-02-20 01:34:36 [INFO] <IOPUB-CHANNEL> Starting channel on tcp://127.0.0.1:56767
2026-02-20 01:34:36 [INFO] <HB-CHANNEL> Starting thread
2026-02-20 01:34:36 [INFO] <SHELL-CHANNEL> Starting channel on tcp://127.0.0.1:60893
2026-02-20 01:34:36 [INFO] <STDIN-CHANNEL> Starting channel on tcp://127.0.0.1:52273
2026-02-20 01:34:36 [INFO] <CONTROL-CHANNEL> Starting channel on tcp://127.0.0.1:54367
2026-02-20 01:34:36 [INFO] <HISTORY> Starting history
2026-02-20 01:34:37 [INFO] <KERNEL> Handling kernel_info_request message
2026-02-20 01:34:37 [INFO] <KERNEL> Handling execute_request message
2026-02-20 01:34:37 [INFO] <KERNEL> Handling execute_request message
2026-02-20 01:34:37 [INFO] <KERNEL> Handling execute_request message
2026-02-20 01:34:37 [INFO] <KERNEL> Handling execute_request message
2026-02-20 01:34:37 [INFO] <KERNEL> Handling execute_request message
2026-02-20 01:34:37 [INFO] <KERNEL> Handling execute_request message
2026-02-20 01:34:37 [INFO] <KERNEL> Handling execute_request message
2026-02-20 01:34:37 [INFO] <KERNEL> Handling execute_request message
2026-02-20 01:34:37 [INFO] <KERNEL> Handling execute_request message
2026-02-20 01:34:37 [INFO] <KERNEL> Handling execute_request message
2026-02-20 01:34:37 [INFO] <KERNEL> Handling execute_request message
2026-02-20 01:34:37 [INFO] <KERNEL> Handling execute_request message
2026-02-20 01:34:37 [INFO] <KERNEL> Handling execute_request message
2026-02-20 01:34:37 [INFO] <KERNEL> Handling execute_request message
2026-02-20 01:34:37 [INFO] <KERNEL> Handling execute_request message
2026-02-20 01:34:37 [INFO] <KERNEL> Handling execute_request message
2026-02-20 01:34:37 [INFO] <KERNEL> Handling execute_request message
2026-02-20 01:34:38 [INFO] <KERNEL> Handling is_complete_request message
2026-02-20 01:34:39 [INFO] <KERNEL> Handling is_complete_request message
2026-02-20 01:34:40 [INFO] <KERNEL> Handling is_complete_request message
2026-02-20 01:34:40 [INFO] <KERNEL> Handling execute_request message
2026-02-20 01:34:40 [INFO] <KERNEL> Handling execute_request message
2026-02-20 01:34:40 [INFO] <KERNEL> Handling execute_request message
