2026-02-25 22:55:34 [INFO] <KERNEL> Starting acl2 kernel
2026-02-25 22:55:34 [INFO] <KERNEL> Parsing connection file /tmp/tmps_venhl5.json
2026-02-25 22:55:34 [INFO] <MAC> Starting message authentification
2026-02-25 22:55:34 [INFO] <MAC> Using hmac with sha256 digest for message signing.
2026-02-25 22:55:34 [INFO] <HB-CHANNEL> Starting channel on tcp://127.0.0.1:43737
2026-02-25 22:55:34 [INFO] <IOPUB-CHANNEL> Starting channel on tcp://127.0.0.1:43803
2026-02-25 22:55:34 [INFO] <HB-CHANNEL> Starting thread
2026-02-25 22:55:34 [INFO] <SHELL-CHANNEL> Starting channel on tcp://127.0.0.1:46529
2026-02-25 22:55:34 [INFO] <STDIN-CHANNEL> Starting channel on tcp://127.0.0.1:42065
2026-02-25 22:55:34 [INFO] <CONTROL-CHANNEL> Starting channel on tcp://127.0.0.1:39999
2026-02-25 22:55:34 [INFO] <HISTORY> Starting history
2026-02-25 22:55:34 [INFO] <KERNEL> Handling kernel_info_request message
2026-02-25 22:55:34 [INFO] <KERNEL> Handling kernel_info_request message
2026-02-25 22:55:34 [INFO] <KERNEL> Handling execute_request message
2026-02-25 22:55:34 [INFO] <KERNEL> Handling execute_request message
2026-02-25 22:55:34 [INFO] <KERNEL> Handling execute_request message
2026-02-25 22:55:34 [INFO] <KERNEL> Handling execute_request message
2026-02-25 22:55:34 [INFO] <KERNEL> Handling execute_request message
2026-02-25 22:55:34 [INFO] <KERNEL> Handling execute_request message
2026-02-25 22:55:34 [INFO] <KERNEL> Handling execute_request message
2026-02-25 22:55:34 [INFO] <KERNEL> Handling execute_request message
2026-02-25 22:55:34 [INFO] <KERNEL> Handling execute_request message
2026-02-25 22:55:34 [INFO] <KERNEL> Handling execute_request message
2026-02-25 22:55:34 [INFO] <KERNEL> Handling execute_request message
2026-02-25 22:55:34 [INFO] <KERNEL> Handling execute_request message
2026-02-25 22:55:34 [INFO] <KERNEL> Handling execute_request message
2026-02-25 22:55:34 [INFO] <KERNEL> Handling execute_request message
2026-02-25 22:55:34 [INFO] <KERNEL> Handling execute_request message
2026-02-25 22:55:34 [INFO] <KERNEL> Handling execute_request message
2026-02-25 22:55:34 [INFO] <KERNEL> Handling execute_request message
2026-02-25 22:55:35 [INFO] <KERNEL> Handling is_complete_request message
2026-02-25 22:55:36 [INFO] <KERNEL> Handling is_complete_request message
2026-02-25 22:55:37 [INFO] <KERNEL> Handling is_complete_request message
2026-02-25 22:55:37 [INFO] <KERNEL> Handling execute_request message
2026-02-25 22:55:37 [INFO] <KERNEL> Handling execute_request message
2026-02-25 22:55:37 [INFO] <KERNEL> Handling execute_request message
2026-02-25 22:55:37 [INFO] <KERNEL> Handling execute_request message
2026-02-25 22:55:37 [INFO] <KERNEL> Handling execute_request message
2026-02-25 22:55:38 [INFO] <KERNEL> Handling execute_request message
