2026-02-25 23:28:45 [INFO] <KERNEL> Starting acl2 kernel
2026-02-25 23:28:45 [INFO] <KERNEL> Parsing connection file /tmp/tmpw0qrrb55.json
2026-02-25 23:28:45 [INFO] <MAC> Starting message authentification
2026-02-25 23:28:45 [INFO] <MAC> Using hmac with sha256 digest for message signing.
2026-02-25 23:28:45 [INFO] <HB-CHANNEL> Starting channel on tcp://127.0.0.1:51721
2026-02-25 23:28:45 [INFO] <IOPUB-CHANNEL> Starting channel on tcp://127.0.0.1:50491
2026-02-25 23:28:45 [INFO] <HB-CHANNEL> Starting thread
2026-02-25 23:28:45 [INFO] <SHELL-CHANNEL> Starting channel on tcp://127.0.0.1:43157
2026-02-25 23:28:45 [INFO] <STDIN-CHANNEL> Starting channel on tcp://127.0.0.1:38533
2026-02-25 23:28:45 [INFO] <CONTROL-CHANNEL> Starting channel on tcp://127.0.0.1:43335
2026-02-25 23:28:45 [INFO] <HISTORY> Starting history
2026-02-25 23:28:45 [INFO] <KERNEL> Handling kernel_info_request message
2026-02-25 23:28:46 [INFO] <KERNEL> Handling execute_request message
2026-02-25 23:28:46 [INFO] <KERNEL> Handling execute_request message
2026-02-25 23:28:46 [INFO] <KERNEL> Handling execute_request message
2026-02-25 23:28:46 [INFO] <KERNEL> Handling execute_request message
2026-02-25 23:28:46 [INFO] <KERNEL> Handling execute_request message
2026-02-25 23:28:46 [INFO] <KERNEL> Handling execute_request message
2026-02-25 23:28:46 [INFO] <KERNEL> Handling execute_request message
2026-02-25 23:28:46 [INFO] <KERNEL> Handling execute_request message
2026-02-25 23:28:46 [INFO] <KERNEL> Handling execute_request message
2026-02-25 23:28:46 [INFO] <KERNEL> Handling execute_request message
2026-02-25 23:28:46 [INFO] <KERNEL> Handling execute_request message
2026-02-25 23:28:46 [INFO] <KERNEL> Handling execute_request message
2026-02-25 23:28:46 [INFO] <KERNEL> Handling execute_request message
2026-02-25 23:28:46 [INFO] <KERNEL> Handling execute_request message
2026-02-25 23:28:46 [INFO] <KERNEL> Handling execute_request message
2026-02-25 23:28:46 [INFO] <KERNEL> Handling execute_request message
2026-02-25 23:28:46 [INFO] <KERNEL> Handling execute_request message
2026-02-25 23:28:47 [INFO] <KERNEL> Handling is_complete_request message
2026-02-25 23:28:48 [INFO] <KERNEL> Handling is_complete_request message
2026-02-25 23:28:49 [INFO] <KERNEL> Handling is_complete_request message
2026-02-25 23:28:49 [INFO] <KERNEL> Handling execute_request message
2026-02-25 23:28:49 [INFO] <KERNEL> Handling execute_request message
2026-02-25 23:28:49 [INFO] <KERNEL> Handling execute_request message
2026-02-25 23:28:49 [INFO] <KERNEL> Handling execute_request message
2026-02-25 23:28:49 [INFO] <KERNEL> Handling execute_request message
2026-02-25 23:28:49 [INFO] <KERNEL> Handling execute_request message
