2026-02-20 01:35:08 [INFO] <KERNEL> Starting acl2 kernel
2026-02-20 01:35:08 [INFO] <KERNEL> Parsing connection file /tmp/tmpxqex9twf.json
2026-02-20 01:35:08 [INFO] <MAC> Starting message authentification
2026-02-20 01:35:08 [INFO] <MAC> Using hmac with sha256 digest for message signing.
2026-02-20 01:35:08 [INFO] <HB-CHANNEL> Starting channel on tcp://127.0.0.1:40675
2026-02-20 01:35:08 [INFO] <IOPUB-CHANNEL> Starting channel on tcp://127.0.0.1:56653
2026-02-20 01:35:08 [INFO] <HB-CHANNEL> Starting thread
2026-02-20 01:35:08 [INFO] <SHELL-CHANNEL> Starting channel on tcp://127.0.0.1:37727
2026-02-20 01:35:08 [INFO] <STDIN-CHANNEL> Starting channel on tcp://127.0.0.1:52299
2026-02-20 01:35:08 [INFO] <CONTROL-CHANNEL> Starting channel on tcp://127.0.0.1:51659
2026-02-20 01:35:08 [INFO] <HISTORY> Starting history
2026-02-20 01:35:08 [INFO] <KERNEL> Handling kernel_info_request message
2026-02-20 01:35:08 [INFO] <KERNEL> Handling execute_request message
2026-02-20 01:35:08 [INFO] <KERNEL> Handling execute_request message
2026-02-20 01:35:08 [INFO] <KERNEL> Handling execute_request message
2026-02-20 01:35:08 [INFO] <KERNEL> Handling execute_request message
2026-02-20 01:35:08 [INFO] <KERNEL> Handling execute_request message
2026-02-20 01:35:08 [INFO] <KERNEL> Handling execute_request message
2026-02-20 01:35:08 [INFO] <KERNEL> Handling execute_request message
2026-02-20 01:35:08 [INFO] <KERNEL> Handling execute_request message
2026-02-20 01:35:08 [INFO] <KERNEL> Handling execute_request message
2026-02-20 01:35:08 [INFO] <KERNEL> Handling execute_request message
2026-02-20 01:35:08 [INFO] <KERNEL> Handling execute_request message
2026-02-20 01:35:08 [INFO] <KERNEL> Handling execute_request message
2026-02-20 01:35:08 [INFO] <KERNEL> Handling execute_request message
2026-02-20 01:35:08 [INFO] <KERNEL> Handling execute_request message
2026-02-20 01:35:08 [INFO] <KERNEL> Handling execute_request message
2026-02-20 01:35:08 [INFO] <KERNEL> Handling execute_request message
2026-02-20 01:35:08 [INFO] <KERNEL> Handling execute_request message
2026-02-20 01:35:09 [INFO] <KERNEL> Handling is_complete_request message
2026-02-20 01:35:10 [INFO] <KERNEL> Handling is_complete_request message
2026-02-20 01:35:11 [INFO] <KERNEL> Handling is_complete_request message
2026-02-20 01:35:11 [INFO] <KERNEL> Handling execute_request message
2026-02-20 01:35:11 [INFO] <KERNEL> Handling execute_request message
2026-02-20 01:35:12 [INFO] <KERNEL> Handling execute_request message
